<?xml version="1.0" encoding="UTF-8"?>
<testng-results ignored="0" total="1" passed="1" failed="0" skipped="0">
  <reporter-output>
  </reporter-output>
  <suite started-at="2023-03-06T11:15:02 IST" name="Default suite" finished-at="2023-03-06T11:15:05 IST" duration-ms="2645">
    <groups>
    </groups>
    <test started-at="2023-03-06T11:15:02 IST" name="Default test" finished-at="2023-03-06T11:15:05 IST" duration-ms="2645">
      <class name="validation.Header_Validation">
        <test-method signature="hraderValidation()[pri:0, instance:validation.Header_Validation@69997e9d]" started-at="2023-03-06T11:15:02 IST" name="hraderValidation" finished-at="2023-03-06T11:15:05 IST" duration-ms="2576" status="PASS">
          <reporter-output>
          </reporter-output>
        </test-method> <!-- hraderValidation -->
      </class> <!-- validation.Header_Validation -->
    </test> <!-- Default test -->
  </suite> <!-- Default suite -->
</testng-results>
